Change Component Comment : Designator=R? Old Comment=R New Comment=80.6k
Change Component Comment : Designator=D4 Old Comment=TPS62081 New Comment=TPS62082DSG
Change Component Designator: OldDesignator=C4 NewDesignator=C14
Change Component Designator: OldDesignator=C5 NewDesignator=C15
Change Component Designator: OldDesignator=C6 NewDesignator=C4
Change Component Designator: OldDesignator=C7 NewDesignator=C5
Change Component Designator: OldDesignator=C8 NewDesignator=C6
Change Component Designator: OldDesignator=C9 NewDesignator=C7
Change Component Designator: OldDesignator=C10 NewDesignator=C8
Change Component Designator: OldDesignator=C11 NewDesignator=C9
Change Component Designator: OldDesignator=C12 NewDesignator=C16
Change Component Designator: OldDesignator=C13 NewDesignator=C17
Change Component Designator: OldDesignator=C14 NewDesignator=C18
Change Component Designator: OldDesignator=C15 NewDesignator=C20
Change Component Designator: OldDesignator=C16 NewDesignator=C21
Change Component Designator: OldDesignator=C17 NewDesignator=C10
Change Component Designator: OldDesignator=C18 NewDesignator=C26
Change Component Designator: OldDesignator=C19 NewDesignator=C27
Change Component Designator: OldDesignator=C20 NewDesignator=C11
Change Component Designator: OldDesignator=C21 NewDesignator=C12
Change Component Designator: OldDesignator=C22 NewDesignator=C28
Change Component Designator: OldDesignator=C23 NewDesignator=C29
Change Component Designator: OldDesignator=C24 NewDesignator=C13
Change Component Designator: OldDesignator=C25 NewDesignator=C31
Change Component Designator: OldDesignator=C26 NewDesignator=C32
Change Component Designator: OldDesignator=C27 NewDesignator=C33
Change Component Designator: OldDesignator=C28 NewDesignator=C34
Change Component Designator: OldDesignator=C29 NewDesignator=C35
Change Component Designator: OldDesignator=C30 NewDesignator=C36
Change Component Designator: OldDesignator=C31 NewDesignator=C37
Change Component Designator: OldDesignator=C32 NewDesignator=C40
Change Component Designator: OldDesignator=C33 NewDesignator=C19
Change Component Designator: OldDesignator=C34 NewDesignator=C22
Change Component Designator: OldDesignator=C35 NewDesignator=C23
Change Component Designator: OldDesignator=C36 NewDesignator=C24
Change Component Designator: OldDesignator=C37 NewDesignator=C25
Change Component Designator: OldDesignator=C38 NewDesignator=C30
Change Component Designator: OldDesignator=C39 NewDesignator=C38
Change Component Designator: OldDesignator=C40 NewDesignator=C39
Change Component Designator: OldDesignator=D3 NewDesignator=D4
Change Component Designator: OldDesignator=D4 NewDesignator=D3
Change Component Designator: OldDesignator=D7 NewDesignator=D6
Change Component Designator: OldDesignator=D8 NewDesignator=D9
Change Component Designator: OldDesignator=D9 NewDesignator=D7
Change Component Designator: OldDesignator=D10 NewDesignator=D8
Change Component Designator: OldDesignator=L1 NewDesignator=L3
Change Component Designator: OldDesignator=L2 NewDesignator=L5
Change Component Designator: OldDesignator=L3 NewDesignator=L1
Change Component Designator: OldDesignator=L4 NewDesignator=L2
Change Component Designator: OldDesignator=L5 NewDesignator=L6
Change Component Designator: OldDesignator=R1 NewDesignator=R4
Change Component Designator: OldDesignator=R2 NewDesignator=R1
Change Component Designator: OldDesignator=R3 NewDesignator=R2
Change Component Designator: OldDesignator=R4 NewDesignator=R3
Change Component Designator: OldDesignator=R7 NewDesignator=R17
Change Component Designator: OldDesignator=R8 NewDesignator=R7
Change Component Designator: OldDesignator=R9 NewDesignator=R8
Change Component Designator: OldDesignator=R10 NewDesignator=R18
Change Component Designator: OldDesignator=R11 NewDesignator=R9
Change Component Designator: OldDesignator=R12 NewDesignator=R10
Change Component Designator: OldDesignator=R13 NewDesignator=R11
Change Component Designator: OldDesignator=R14 NewDesignator=R12
Change Component Designator: OldDesignator=R15 NewDesignator=R13
Change Component Designator: OldDesignator=R16 NewDesignator=R14
Change Component Designator: OldDesignator=R17 NewDesignator=R15
Change Component Designator: OldDesignator=R18 NewDesignator=R16
Change Component Designator: OldDesignator=R? NewDesignator=R19
Change Component Designator: OldDesignator=R? NewDesignator=R20
Change Component Designator: OldDesignator=SB1 NewDesignator=SB2
Change Component Designator: OldDesignator=SB2 NewDesignator=SB3
Change Component Designator: OldDesignator=SB3 NewDesignator=SB4
Change Component Designator: OldDesignator=SB4 NewDesignator=SB6
Change Component Designator: OldDesignator=SB5 NewDesignator=SB7
Change Component Designator: OldDesignator=SB6 NewDesignator=SB8
Change Component Designator: OldDesignator=T? NewDesignator=T2
Change Component Designator: OldDesignator=XS? NewDesignator=XS1
Added Component: Designator=L4(L2016)
Added Component: Designator=SB1(SB)
Added Component: Designator=SB5(SB)
Added Pin To Net: NetName=VDD_CELL Pin=L4-1
Added Pin To Net: NetName=VDD_MCU Pin=SB1-2
Added Pin To Net: NetName=3V3 Pin=SB5-1
Added Pin To Net: NetName=VDD_MCU Pin=SB5-2
Change Net Name : Old Net Name=NetC7_2 New Net Name=NetC5_2
Change Net Name : Old Net Name=NetC8_1 New Net Name=NetC6_1
Change Net Name : Old Net Name=NetC12_1 New Net Name=NetC16_1
Change Net Name : Old Net Name=NetC13_1 New Net Name=NetC17_1
Change Net Name : Old Net Name=NetC14_1 New Net Name=NetC18_1
Change Net Name : Old Net Name=NetC15_2 New Net Name=NetC20_2
Change Net Name : Old Net Name=NetC17_2 New Net Name=NetC10_2
Change Net Name : Old Net Name=NetC19_1 New Net Name=NetC27_1
Change Net Name : Old Net Name=NetC20_2 New Net Name=NetC11_2
Change Net Name : Old Net Name=NetC21_2 New Net Name=NetC12_2
Change Net Name : Old Net Name=NetC24_2 New Net Name=NetC13_2
Change Net Name : Old Net Name=NetC25_2 New Net Name=NetC31_2
Change Net Name : Old Net Name=NetC32_1 New Net Name=NetC40_1
Change Net Name : Old Net Name=NetC33_1 New Net Name=NetC19_1
Change Net Name : Old Net Name=NetC33_2 New Net Name=NetC19_2
Change Net Name : Old Net Name=NetC35_2 New Net Name=NetC23_2
Change Net Name : Old Net Name=NetC37_2 New Net Name=NetC25_2
Change Net Name : Old Net Name=NetC38_2 New Net Name=NetC30_2
Change Net Name : Old Net Name=NetC40_2 New Net Name=NetC39_2
Change Net Name : Old Net Name=NetD3_8 New Net Name=NetD4_8
Change Net Name : Old Net Name=NetD8_5 New Net Name=NetD9_5
Change Net Name : Old Net Name=NetD8_43 New Net Name=NetD9_43
Change Net Name : Old Net Name=NetD9_2 New Net Name=NetD7_2
Change Net Name : Old Net Name=NetD10_32 New Net Name=NetD8_32
Change Net Name : Old Net Name=NetR16_2 New Net Name=NetR14_2
Change Net Name : Old Net Name=NetR18_2 New Net Name=NetR16_2
Change Net Name : Old Net Name=NetR?_2 New Net Name=NetR19_2
Change Net Name : Old Net Name=NetT?_5 New Net Name=NetT2_5
Added Pin To Net: NetName=BAT_3V3 Pin=SB1-1
Added Net: Name=BAT_3V3
Added Pin To Net: NetName=NetD10_2 Pin=L4-2
Added Net: Name=NetD10_2
Added Pin To Net: NetName=NetD10_4 Pin=R20-2
Added Net: Name=NetD10_4
Added Member To Class: ClassName=UBT Member=Component D7 MP34DT06J
Added Member To Class: ClassName=UBT Member=Component D9 STM32WB55Rx
Added Member To Class: ClassName=UBT Member=Component L6 0u
Added Member To Class: ClassName=UBT Member=Component R3 1M
Added Member To Class: ClassName=UBT Member=Component R4 10M
Added Member To Class: ClassName=UBT Member=Component R19 1M
Added Member To Class: ClassName=UBT Member=Component SB1 SB
Added Member To Class: ClassName=UBT Member=Component SB7 SB
Added Member To Class: ClassName=UBT Member=Component SB8 SB
