Added Component: Designator=C1(C0402)
Add component. Clean all parameters for all variants
Added Component: Designator=C2(C0402)
Add component. Clean all parameters for all variants
Added Component: Designator=C3(C0402)
Add component. Clean all parameters for all variants
Added Component: Designator=C4(C0402)
Add component. Clean all parameters for all variants
Added Component: Designator=C5(C0402)
Add component. Clean all parameters for all variants
Added Component: Designator=C6(C0805)
Add component. Clean all parameters for all variants
Added Component: Designator=C7(C0402)
Add component. Clean all parameters for all variants
Added Component: Designator=C8(C0402)
Add component. Clean all parameters for all variants
Added Component: Designator=C9(C0402)
Add component. Clean all parameters for all variants
Added Component: Designator=C10(C0402)
Add component. Clean all parameters for all variants
Added Component: Designator=C11(C0402)
Add component. Clean all parameters for all variants
Added Component: Designator=C12(C0402)
Add component. Clean all parameters for all variants
Added Component: Designator=C13(C0402)
Add component. Clean all parameters for all variants
Added Component: Designator=C14(C0402)
Add component. Clean all parameters for all variants
Added Component: Designator=C15(C0402)
Add component. Clean all parameters for all variants
Added Component: Designator=C16(C0402)
Add component. Clean all parameters for all variants
Added Component: Designator=C17(C0402)
Add component. Clean all parameters for all variants
Added Component: Designator=C18(C0805)
Add component. Clean all parameters for all variants
Added Component: Designator=C19(C0805)
Add component. Clean all parameters for all variants
Added Component: Designator=C20(C0402)
Add component. Clean all parameters for all variants
Added Component: Designator=C21(C0402)
Add component. Clean all parameters for all variants
Added Component: Designator=C22(C0402)
Add component. Clean all parameters for all variants
Added Component: Designator=C23(C0805)
Add component. Clean all parameters for all variants
Added Component: Designator=C24(C0402)
Add component. Clean all parameters for all variants
Added Component: Designator=C25(C0402)
Add component. Clean all parameters for all variants
Added Component: Designator=C26(C0805)
Add component. Clean all parameters for all variants
Added Component: Designator=C27(C_TYPE_D)
Add component. Clean all parameters for all variants
Added Component: Designator=C28(C_TYPE_D)
Add component. Clean all parameters for all variants
Added Component: Designator=C29(C_TYPE_D)
Add component. Clean all parameters for all variants
Added Component: Designator=C30(C0402)
Add component. Clean all parameters for all variants
Added Component: Designator=C31(C0402)
Add component. Clean all parameters for all variants
Added Component: Designator=C32(C0402)
Add component. Clean all parameters for all variants
Added Component: Designator=C33(C0402)
Add component. Clean all parameters for all variants
Added Component: Designator=C34(C0402)
Add component. Clean all parameters for all variants
Added Component: Designator=C35(C0402)
Add component. Clean all parameters for all variants
Added Component: Designator=C36(C0402)
Add component. Clean all parameters for all variants
Added Component: Designator=C37(C0402)
Add component. Clean all parameters for all variants
Added Component: Designator=C38(C0402)
Add component. Clean all parameters for all variants
Added Component: Designator=C39(C0402)
Add component. Clean all parameters for all variants
Added Component: Designator=C40(C0402)
Add component. Clean all parameters for all variants
Added Component: Designator=C41(C0402)
Add component. Clean all parameters for all variants
Added Component: Designator=C42(C0402)
Add component. Clean all parameters for all variants
Added Component: Designator=C43(C0402)
Add component. Clean all parameters for all variants
Added Component: Designator=C44(C0402)
Add component. Clean all parameters for all variants
Added Component: Designator=C45(C0402)
Add component. Clean all parameters for all variants
Added Component: Designator=C46(C0402)
Add component. Clean all parameters for all variants
Added Component: Designator=C47(C0402)
Add component. Clean all parameters for all variants
Added Component: Designator=C48(C0402)
Add component. Clean all parameters for all variants
Added Component: Designator=C49(C0402)
Add component. Clean all parameters for all variants
Added Component: Designator=C50(C0402)
Add component. Clean all parameters for all variants
Added Component: Designator=C51(Supercap_5mm)
Add component. Clean all parameters for all variants
Added Component: Designator=C52(C0402)
Add component. Clean all parameters for all variants
Added Component: Designator=C53(C0402)
Add component. Clean all parameters for all variants
Added Component: Designator=C54(C0402)
Add component. Clean all parameters for all variants
Added Component: Designator=C55(C0402)
Add component. Clean all parameters for all variants
Added Component: Designator=C56(C0402)
Add component. Clean all parameters for all variants
Added Component: Designator=C57(C0402)
Add component. Clean all parameters for all variants
Added Component: Designator=C58(C0402)
Add component. Clean all parameters for all variants
Added Component: Designator=C59(C0402)
Add component. Clean all parameters for all variants
Added Component: Designator=D1(VQFN20)
Add component. Clean all parameters for all variants
Added Component: Designator=D2(TSSOP14)
Add component. Clean all parameters for all variants
Added Component: Designator=D3(VQFN-16)
Add component. Clean all parameters for all variants
Added Component: Designator=D4(LGA12)
Add component. Clean all parameters for all variants
Added Component: Designator=D5(VQFN8)
Add component. Clean all parameters for all variants
Added Component: Designator=D6(VFQFPN68)
Add component. Clean all parameters for all variants
Added Component: Designator=D7(WSON8)
Add component. Clean all parameters for all variants
Added Component: Designator=D8(MP34DT06J)
Add component. Clean all parameters for all variants
Added Component: Designator=D9(SIM7020E)
Add component. Clean all parameters for all variants
Added Component: Designator=FLT1(LFB182G45CGFD436)
Add component. Clean all parameters for all variants
Added Component: Designator=J1(U.FL)
Add component. Clean all parameters for all variants
Added Component: Designator=J2(Antenna_2.4Ghz)
Add component. Clean all parameters for all variants
Added Component: Designator=J3(U.FL)
Add component. Clean all parameters for all variants
Added Component: Designator=L1(L2016)
Add component. Clean all parameters for all variants
Added Component: Designator=L2(L2016)
Add component. Clean all parameters for all variants
Added Component: Designator=L3(L1608)
Add component. Clean all parameters for all variants
Added Component: Designator=L4(L0805)
Add component. Clean all parameters for all variants
Added Component: Designator=L5(L0402)
Add component. Clean all parameters for all variants
Added Component: Designator=L6(L0402)
Add component. Clean all parameters for all variants
Added Component: Designator=L7(L0402)
Add component. Clean all parameters for all variants
Added Component: Designator=P1(HDR1X2)
Add component. Clean all parameters for all variants
Add component (AddParameter): Name = "LatestRevisionDate"; Value = "17-Jul-2002"; VariantName = "[No Variations]"
Add component (AddParameter): Name = "LatestRevisionNote"; Value = "Re-released for DXP Platform."; VariantName = "[No Variations]"
Add component (AddParameter): Name = "Publisher"; Value = "Altium Limited"; VariantName = "[No Variations]"
Added Component: Designator=P2(HDR1X2)
Add component. Clean all parameters for all variants
Add component (AddParameter): Name = "LatestRevisionDate"; Value = "17-Jul-2002"; VariantName = "[No Variations]"
Add component (AddParameter): Name = "LatestRevisionNote"; Value = "Re-released for DXP Platform."; VariantName = "[No Variations]"
Add component (AddParameter): Name = "Publisher"; Value = "Altium Limited"; VariantName = "[No Variations]"
Added Component: Designator=R1(R0402)
Add component. Clean all parameters for all variants
Added Component: Designator=R2(R0402)
Add component. Clean all parameters for all variants
Added Component: Designator=R3(R0402)
Add component. Clean all parameters for all variants
Added Component: Designator=R4(R0402)
Add component. Clean all parameters for all variants
Added Component: Designator=R5(R0402)
Add component. Clean all parameters for all variants
Added Component: Designator=R6(R0402)
Add component. Clean all parameters for all variants
Added Component: Designator=R7(R0402)
Add component. Clean all parameters for all variants
Added Component: Designator=R8(R0402)
Add component. Clean all parameters for all variants
Added Component: Designator=R9(R0402)
Add component. Clean all parameters for all variants
Added Component: Designator=R10(R0402)
Add component. Clean all parameters for all variants
Added Component: Designator=R11(R0402)
Add component. Clean all parameters for all variants
Added Component: Designator=R12(R0402)
Add component. Clean all parameters for all variants
Added Component: Designator=R13(R0402)
Add component. Clean all parameters for all variants
Added Component: Designator=R14(R0402)
Add component. Clean all parameters for all variants
Added Component: Designator=R15(R0402)
Add component. Clean all parameters for all variants
Added Component: Designator=R16(R0402)
Add component. Clean all parameters for all variants
Added Component: Designator=R17(R0402)
Add component. Clean all parameters for all variants
Added Component: Designator=R18(R0402)
Add component. Clean all parameters for all variants
Added Component: Designator=R19(R0402)
Add component. Clean all parameters for all variants
Added Component: Designator=R20(R0402)
Add component. Clean all parameters for all variants
Added Component: Designator=R21(R0402)
Add component. Clean all parameters for all variants
Added Component: Designator=R22(R0402)
Add component. Clean all parameters for all variants
Added Component: Designator=R23(R0402)
Add component. Clean all parameters for all variants
Added Component: Designator=R24(R0402)
Add component. Clean all parameters for all variants
Added Component: Designator=R25(R0402)
Add component. Clean all parameters for all variants
Added Component: Designator=R26(R0402)
Add component. Clean all parameters for all variants
Added Component: Designator=R27(R0402)
Add component. Clean all parameters for all variants
Added Component: Designator=R28(R0402)
Add component. Clean all parameters for all variants
Added Component: Designator=SB1(SB)
Add component. Clean all parameters for all variants
Added Component: Designator=SB2(SB)
Add component. Clean all parameters for all variants
Added Component: Designator=SB3(SB)
Add component. Clean all parameters for all variants
Added Component: Designator=SB4(SB)
Add component. Clean all parameters for all variants
Added Component: Designator=SB5(SB)
Add component. Clean all parameters for all variants
Added Component: Designator=SB6(SB)
Add component. Clean all parameters for all variants
Added Component: Designator=SB7(SB)
Add component. Clean all parameters for all variants
Added Component: Designator=T1(SO8)
Add component. Clean all parameters for all variants
Added Component: Designator=T2(SO8)
Add component. Clean all parameters for all variants
Added Component: Designator=WA1(SR4L049-R)
Add component. Clean all parameters for all variants
Added Component: Designator=XS1(12BH092-GR)
Add component. Clean all parameters for all variants
Added Component: Designator=XTAL1(NX2016SA)
Add component. Clean all parameters for all variants
Added Component: Designator=XTAL2(NX2012SA)
Add component. Clean all parameters for all variants
Added Pin To Net: NetName=NetC4_1 Pin=C4-1
Added Pin To Net: NetName=NetC4_1 Pin=C5-1
Added Pin To Net: NetName=NetC4_1 Pin=C7-1
Added Pin To Net: NetName=NetC4_1 Pin=C8-1
Added Pin To Net: NetName=NetC9_1 Pin=C9-1
Added Pin To Net: NetName=NetC4_1 Pin=C10-1
Added Pin To Net: NetName=NetC4_1 Pin=C11-1
Added Pin To Net: NetName=NetC11_2 Pin=C11-2
Added Pin To Net: NetName=GSM_1v8 Pin=C15-2
Added Pin To Net: NetName=3V3 Pin=C16-1
Added Pin To Net: NetName=VDD_MCU Pin=C20-2
Added Pin To Net: NetName=3V3 Pin=C26-2
Added Pin To Net: NetName=AVVD Pin=C35-1
Added Pin To Net: NetName=MCU_VBAT Pin=C37-1
Added Pin To Net: NetName=VDD_MCU Pin=C41-2
Added Pin To Net: NetName=VDD_MCU Pin=C42-2
Added Pin To Net: NetName=VDD_MCU Pin=C45-2
Added Pin To Net: NetName=VDD_MCU Pin=C46-2
Added Pin To Net: NetName=VDD_MCU Pin=C47-2
Added Pin To Net: NetName=VDD_MCU Pin=C48-2
Added Pin To Net: NetName=VDD_MCU Pin=C49-2
Added Pin To Net: NetName=VDD_MCU Pin=C50-2
Added Pin To Net: NetName=RF1 Pin=C53-2
Added Pin To Net: NetName=NetC4_1 Pin=D1-2
Added Pin To Net: NetName=NetC11_2 Pin=D1-6
Added Pin To Net: NetName=NetC9_1 Pin=D1-17
Added Pin To Net: NetName=GSM_1v8 Pin=D2-1
Added Pin To Net: NetName=GSM_TX Pin=D2-2
Added Pin To Net: NetName=GSM_RX Pin=D2-3
Added Pin To Net: NetName=GSM_RTS Pin=D2-4
Added Pin To Net: NetName=GSM_DTR Pin=D2-5
Added Pin To Net: NetName=MCU_GSM_DTR Pin=D2-10
Added Pin To Net: NetName=MCU_GSM_RTS Pin=D2-11
Added Pin To Net: NetName=MCU_GSM_TX Pin=D2-12
Added Pin To Net: NetName=MCU_GSM_RX Pin=D2-13
Added Pin To Net: NetName=3V3 Pin=D2-14
Added Pin To Net: NetName=VDD_MCU Pin=D4-9
Added Pin To Net: NetName=VDD_MCU Pin=D4-10
Added Pin To Net: NetName=SIM_DATA Pin=D5-3
Added Pin To Net: NetName=SIM_CLK Pin=D5-6
Added Pin To Net: NetName=SIM_RST Pin=D5-7
Added Pin To Net: NetName=SIM_VDD Pin=D5-8
Added Pin To Net: NetName=MCU_VBAT Pin=D6-1
Added Pin To Net: NetName=AVVD Pin=D6-13
Added Pin To Net: NetName=AVVD Pin=D6-14
Added Pin To Net: NetName=MCU_GSM_DTR Pin=D6-23
Added Pin To Net: NetName=MCU_GSM_TX Pin=D6-24
Added Pin To Net: NetName=VDD_MCU Pin=D6-30
Added Pin To Net: NetName=RF1 Pin=D6-31
Added Pin To Net: NetName=VDD_MCU Pin=D6-33
Added Pin To Net: NetName=VDD_MCU Pin=D6-44
Added Pin To Net: NetName=VDD_MCU Pin=D6-45
Added Pin To Net: NetName=MCU_GSM_RX Pin=D6-51
Added Pin To Net: NetName=MCU_GSM_CTS Pin=D6-52
Added Pin To Net: NetName=MCU_GSM_RTS Pin=D6-53
Added Pin To Net: NetName=JTMS_SWDIO Pin=D6-54
Added Pin To Net: NetName=VDD_MCU Pin=D6-55
Added Pin To Net: NetName=JTCK_SWCLK Pin=D6-56
Added Pin To Net: NetName=JTDI Pin=D6-57
Added Pin To Net: NetName=JTDO Pin=D6-63
Added Pin To Net: NetName=NJTRST Pin=D6-64
Added Pin To Net: NetName=VDD_MCU Pin=D6-68
Added Pin To Net: NetName=3V3 Pin=D7-5
Added Pin To Net: NetName=GSM_TX Pin=D9-1
Added Pin To Net: NetName=GSM_RX Pin=D9-2
Added Pin To Net: NetName=GSM_RTS Pin=D9-3
Added Pin To Net: NetName=MCU_GSM_CTS Pin=D9-4
Added Pin To Net: NetName=GSM_DTR Pin=D9-6
Added Pin To Net: NetName=MCU_GSM_RI Pin=D9-7
Added Pin To Net: NetName=GSM_RTC_EINT Pin=D9-12
Added Pin To Net: NetName=SIM_DET Pin=D9-14
Added Pin To Net: NetName=SIM_DATA Pin=D9-15
Added Pin To Net: NetName=SIM_CLK Pin=D9-16
Added Pin To Net: NetName=SIM_RST Pin=D9-17
Added Pin To Net: NetName=SIM_VDD Pin=D9-18
Added Pin To Net: NetName=NetD9_32 Pin=D9-32
Added Pin To Net: NetName=GSM_1v8 Pin=D9-40
Added Pin To Net: NetName=MCU_GSM_STATUS Pin=D9-42
Added Pin To Net: NetName=NetJ1_1 Pin=J1-1
Added Pin To Net: NetName=3V3 Pin=L1-2
Added Pin To Net: NetName=VDD_MCU Pin=L3-1
Added Pin To Net: NetName=AVVD Pin=L3-2
Added Pin To Net: NetName=RF1 Pin=L5-1
Added Pin To Net: NetName=NetC4_1 Pin=P1-1
Added Pin To Net: NetName=VDD_MCU Pin=R9-2
Added Pin To Net: NetName=VDD_MCU Pin=R10-2
Added Pin To Net: NetName=VDD_MCU Pin=R11-2
Added Pin To Net: NetName=3V3 Pin=R12-1
Added Pin To Net: NetName=3V3 Pin=R13-2
Added Pin To Net: NetName=GSM_PWR_ON Pin=R14-1
Added Pin To Net: NetName=VDD_MCU Pin=R15-2
Added Pin To Net: NetName=3V3 Pin=R16-1
Added Pin To Net: NetName=GSM_RTC_EINT Pin=R16-2
Added Pin To Net: NetName=3V3 Pin=R17-1
Added Pin To Net: NetName=MCU_GSM_RI Pin=R17-2
Added Pin To Net: NetName=3V3 Pin=R19-1
Added Pin To Net: NetName=MCU_GSM_STATUS Pin=R19-2
Added Pin To Net: NetName=NetD9_32 Pin=R20-1
Added Pin To Net: NetName=NetJ1_1 Pin=R20-2
Added Pin To Net: NetName=GSM_PWRKEY Pin=R21-2
Added Pin To Net: NetName=NetD9_32 Pin=R22-1
Added Pin To Net: NetName=GSM_RESET Pin=R25-2
Added Pin To Net: NetName=VDD_MCU Pin=SB1-1
Added Pin To Net: NetName=VDD_MCU Pin=SB4-2
Added Pin To Net: NetName=AVVD Pin=SB5-1
Added Pin To Net: NetName=VDD_MCU Pin=SB5-2
Added Pin To Net: NetName=MCU_VBAT Pin=SB6-1
Added Pin To Net: NetName=3V3 Pin=SB7-1
Added Pin To Net: NetName=VDD_MCU Pin=SB7-2
Added Pin To Net: NetName=3V3 Pin=T1-1
Added Pin To Net: NetName=3V3 Pin=T1-1
Added Pin To Net: NetName=3V3 Pin=T1-1
Added Pin To Net: NetName=3v3_PG Pin=D7-6
Added Pin To Net: NetName=3v3_PG Pin=R13-1
Added Net: Name=3v3_PG
Added Pin To Net: NetName=5v Pin=C6-2
Added Pin To Net: NetName=5v Pin=C17-2
Added Pin To Net: NetName=5v Pin=D1-4
Added Pin To Net: NetName=5v Pin=D3-13
Added Net: Name=5v
Added Pin To Net: NetName=A_INT1 Pin=C22-2
Added Pin To Net: NetName=A_INT1 Pin=D4-12
Added Pin To Net: NetName=A_INT1 Pin=D6-38
Added Net: Name=A_INT1
Added Pin To Net: NetName=A_INT2 Pin=C21-2
Added Pin To Net: NetName=A_INT2 Pin=D4-11
Added Pin To Net: NetName=A_INT2 Pin=D6-39
Added Net: Name=A_INT2
Added Pin To Net: NetName=A_SCL Pin=D4-1
Added Pin To Net: NetName=A_SCL Pin=D6-66
Added Pin To Net: NetName=A_SCL Pin=R10-1
Added Net: Name=A_SCL
Added Pin To Net: NetName=A_SDA Pin=D4-4
Added Pin To Net: NetName=A_SDA Pin=D6-67
Added Pin To Net: NetName=A_SDA Pin=R9-1
Added Net: Name=A_SDA
Added Pin To Net: NetName=BAT_T Pin=D3-1
Added Net: Name=BAT_T
Added Pin To Net: NetName=BAT Pin=C18-1
Added Pin To Net: NetName=BAT Pin=D3-2
Added Pin To Net: NetName=BAT Pin=D3-3
Added Pin To Net: NetName=BAT Pin=P2-1
Added Net: Name=BAT
Added Pin To Net: NetName=MICRO_CLK Pin=D6-6
Added Pin To Net: NetName=MICRO_CLK Pin=D8-3
Added Net: Name=MICRO_CLK
Added Pin To Net: NetName=MICRO_DOUT Pin=C6-1
Added Pin To Net: NetName=MICRO_DOUT Pin=C14-1
Added Pin To Net: NetName=MICRO_DOUT Pin=C15-1
Added Pin To Net: NetName=MICRO_DOUT Pin=C16-2
Added Pin To Net: NetName=MICRO_DOUT Pin=C17-1
Added Pin To Net: NetName=MICRO_DOUT Pin=C18-2
Added Pin To Net: NetName=MICRO_DOUT Pin=C19-2
Added Pin To Net: NetName=MICRO_DOUT Pin=C20-1
Added Pin To Net: NetName=MICRO_DOUT Pin=C21-1
Added Pin To Net: NetName=MICRO_DOUT Pin=C22-1
Added Pin To Net: NetName=MICRO_DOUT Pin=C23-1
Added Pin To Net: NetName=MICRO_DOUT Pin=C24-1
Added Pin To Net: NetName=MICRO_DOUT Pin=C25-1
Added Pin To Net: NetName=MICRO_DOUT Pin=C26-1
Added Pin To Net: NetName=MICRO_DOUT Pin=C27-2
Added Pin To Net: NetName=MICRO_DOUT Pin=C28-2
Added Pin To Net: NetName=MICRO_DOUT Pin=C29-2
Added Pin To Net: NetName=MICRO_DOUT Pin=C30-1
Added Pin To Net: NetName=MICRO_DOUT Pin=C31-2
Added Pin To Net: NetName=MICRO_DOUT Pin=C32-2
Added Pin To Net: NetName=MICRO_DOUT Pin=C33-2
Added Pin To Net: NetName=MICRO_DOUT Pin=C34-1
Added Pin To Net: NetName=MICRO_DOUT Pin=C35-2
Added Pin To Net: NetName=MICRO_DOUT Pin=C36-1
Added Pin To Net: NetName=MICRO_DOUT Pin=C37-2
Added Pin To Net: NetName=MICRO_DOUT Pin=C38-2
Added Pin To Net: NetName=MICRO_DOUT Pin=C39-1
Added Pin To Net: NetName=MICRO_DOUT Pin=C40-1
Added Pin To Net: NetName=MICRO_DOUT Pin=C41-1
Added Pin To Net: NetName=MICRO_DOUT Pin=C42-1
Added Pin To Net: NetName=MICRO_DOUT Pin=C43-1
Added Pin To Net: NetName=MICRO_DOUT Pin=C44-1
Added Pin To Net: NetName=MICRO_DOUT Pin=C45-1
Added Pin To Net: NetName=MICRO_DOUT Pin=C46-1
Added Pin To Net: NetName=MICRO_DOUT Pin=C47-1
Added Pin To Net: NetName=MICRO_DOUT Pin=C48-1
Added Pin To Net: NetName=MICRO_DOUT Pin=C49-1
Added Pin To Net: NetName=MICRO_DOUT Pin=C50-1
Added Pin To Net: NetName=MICRO_DOUT Pin=C51-2
Added Pin To Net: NetName=MICRO_DOUT Pin=C53-1
Added Pin To Net: NetName=MICRO_DOUT Pin=C54-1
Added Pin To Net: NetName=MICRO_DOUT Pin=C55-1
Added Pin To Net: NetName=MICRO_DOUT Pin=C56-1
Added Pin To Net: NetName=MICRO_DOUT Pin=C58-1
Added Pin To Net: NetName=MICRO_DOUT Pin=C59-1
Added Pin To Net: NetName=MICRO_DOUT Pin=D1-1
Added Pin To Net: NetName=MICRO_DOUT Pin=D1-9
Added Pin To Net: NetName=MICRO_DOUT Pin=D1-20
Added Pin To Net: NetName=MICRO_DOUT Pin=D2-7
Added Pin To Net: NetName=MICRO_DOUT Pin=D3-4
Added Pin To Net: NetName=MICRO_DOUT Pin=D3-6
Added Pin To Net: NetName=MICRO_DOUT Pin=D3-8
Added Pin To Net: NetName=MICRO_DOUT Pin=D4-5
Added Pin To Net: NetName=MICRO_DOUT Pin=D4-6
Added Pin To Net: NetName=MICRO_DOUT Pin=D4-7
Added Pin To Net: NetName=MICRO_DOUT Pin=D4-8
Added Pin To Net: NetName=MICRO_DOUT Pin=D5-1
Added Pin To Net: NetName=MICRO_DOUT Pin=D6-7
Added Pin To Net: NetName=MICRO_DOUT Pin=D6-32
Added Pin To Net: NetName=MICRO_DOUT Pin=D6-42
Added Pin To Net: NetName=MICRO_DOUT Pin=D7-2
Added Pin To Net: NetName=MICRO_DOUT Pin=D7-3
Added Pin To Net: NetName=MICRO_DOUT Pin=D8-4
Added Pin To Net: NetName=MICRO_DOUT Pin=D8-5
Added Pin To Net: NetName=MICRO_DOUT Pin=D8-5
Added Pin To Net: NetName=MICRO_DOUT Pin=D8-5
Added Pin To Net: NetName=MICRO_DOUT Pin=D8-5
Added Pin To Net: NetName=MICRO_DOUT Pin=D9-8
Added Pin To Net: NetName=MICRO_DOUT Pin=D9-13
Added Pin To Net: NetName=MICRO_DOUT Pin=D9-19
Added Pin To Net: NetName=MICRO_DOUT Pin=D9-21
Added Pin To Net: NetName=MICRO_DOUT Pin=D9-27
Added Pin To Net: NetName=MICRO_DOUT Pin=D9-30
Added Pin To Net: NetName=MICRO_DOUT Pin=D9-31
Added Pin To Net: NetName=MICRO_DOUT Pin=D9-33
Added Pin To Net: NetName=MICRO_DOUT Pin=D9-36
Added Pin To Net: NetName=MICRO_DOUT Pin=D9-37
Added Pin To Net: NetName=MICRO_DOUT Pin=FLT1-2
Added Pin To Net: NetName=MICRO_DOUT Pin=J1-2
Added Pin To Net: NetName=MICRO_DOUT Pin=J1-2
Added Pin To Net: NetName=MICRO_DOUT Pin=J3-2
Added Pin To Net: NetName=MICRO_DOUT Pin=J3-2
Added Pin To Net: NetName=MICRO_DOUT Pin=P2-2
Added Pin To Net: NetName=MICRO_DOUT Pin=R3-1
Added Pin To Net: NetName=MICRO_DOUT Pin=R4-1
Added Pin To Net: NetName=MICRO_DOUT Pin=R5-1
Added Pin To Net: NetName=MICRO_DOUT Pin=R6-1
Added Pin To Net: NetName=MICRO_DOUT Pin=R7-1
Added Pin To Net: NetName=MICRO_DOUT Pin=R8-2
Added Pin To Net: NetName=MICRO_DOUT Pin=R18-2
Added Pin To Net: NetName=MICRO_DOUT Pin=R26-1
Added Pin To Net: NetName=MICRO_DOUT Pin=R27-1
Added Pin To Net: NetName=MICRO_DOUT Pin=R28-1
Added Pin To Net: NetName=MICRO_DOUT Pin=SB3-1
Added Pin To Net: NetName=MICRO_DOUT Pin=XS1-2
Added Pin To Net: NetName=MICRO_DOUT Pin=XS1-2
Added Net: Name=MICRO_DOUT
Added Pin To Net: NetName=NetC1_1 Pin=C1-1
Added Pin To Net: NetName=NetC1_1 Pin=C2-1
Added Pin To Net: NetName=NetC1_1 Pin=C3-1
Added Pin To Net: NetName=NetC1_1 Pin=C4-2
Added Pin To Net: NetName=NetC1_1 Pin=C5-2
Added Pin To Net: NetName=NetC1_1 Pin=C7-2
Added Pin To Net: NetName=NetC1_1 Pin=C9-2
Added Pin To Net: NetName=NetC1_1 Pin=C12-2
Added Pin To Net: NetName=NetC1_1 Pin=C13-2
Added Pin To Net: NetName=NetC1_1 Pin=D1-19
Added Net: Name=NetC1_1
Added Pin To Net: NetName=NetC1_2 Pin=C1-2
Added Pin To Net: NetName=NetC1_2 Pin=C2-2
Added Pin To Net: NetName=NetC1_2 Pin=C3-2
Added Pin To Net: NetName=NetC1_2 Pin=P1-2
Added Net: Name=NetC1_2
Added Pin To Net: NetName=NetC8_2 Pin=C8-2
Added Pin To Net: NetName=NetC8_2 Pin=D1-3
Added Net: Name=NetC8_2
Added Pin To Net: NetName=NetC10_2 Pin=C10-2
Added Pin To Net: NetName=NetC10_2 Pin=D1-5
Added Net: Name=NetC10_2
Added Pin To Net: NetName=NetC12_1 Pin=C12-1
Added Pin To Net: NetName=NetC12_1 Pin=D1-16
Added Net: Name=NetC12_1
Added Pin To Net: NetName=NetC13_1 Pin=C13-1
Added Pin To Net: NetName=NetC13_1 Pin=D1-15
Added Net: Name=NetC13_1
Added Pin To Net: NetName=NetC14_2 Pin=C14-2
Added Pin To Net: NetName=NetC14_2 Pin=D1-18
Added Pin To Net: NetName=NetC14_2 Pin=R1-1
Added Net: Name=NetC14_2
Added Pin To Net: NetName=NetC25_2 Pin=C25-2
Added Pin To Net: NetName=NetC25_2 Pin=R12-2
Added Pin To Net: NetName=NetC25_2 Pin=R14-2
Added Pin To Net: NetName=NetC25_2 Pin=T1-4
Added Net: Name=NetC25_2
Added Pin To Net: NetName=NetC27_1 Pin=C27-1
Added Pin To Net: NetName=NetC27_1 Pin=C28-1
Added Pin To Net: NetName=NetC27_1 Pin=C29-1
Added Pin To Net: NetName=NetC27_1 Pin=C30-2
Added Pin To Net: NetName=NetC27_1 Pin=D9-34
Added Pin To Net: NetName=NetC27_1 Pin=D9-35
Added Pin To Net: NetName=NetC27_1 Pin=T1-5
Added Pin To Net: NetName=NetC27_1 Pin=T1-5
Added Pin To Net: NetName=NetC27_1 Pin=T1-5
Added Pin To Net: NetName=NetC27_1 Pin=T1-5
Added Net: Name=NetC27_1
Added Pin To Net: NetName=NetC31_1 Pin=C31-1
Added Pin To Net: NetName=NetC31_1 Pin=D6-34
Added Pin To Net: NetName=NetC31_1 Pin=XTAL1-2
Added Net: Name=NetC31_1
Added Pin To Net: NetName=NetC32_1 Pin=C32-1
Added Pin To Net: NetName=NetC32_1 Pin=D6-35
Added Pin To Net: NetName=NetC32_1 Pin=XTAL1-1
Added Net: Name=NetC32_1
Added Pin To Net: NetName=NetC33_1 Pin=C33-1
Added Pin To Net: NetName=NetC33_1 Pin=D6-3
Added Pin To Net: NetName=NetC33_1 Pin=XTAL2-2
Added Net: Name=NetC33_1
Added Pin To Net: NetName=NetC34_2 Pin=C34-2
Added Pin To Net: NetName=NetC34_2 Pin=D6-8
Added Pin To Net: NetName=NetC34_2 Pin=R15-1
Added Net: Name=NetC34_2
Added Pin To Net: NetName=NetC36_2 Pin=C36-2
Added Pin To Net: NetName=NetC36_2 Pin=D9-39
Added Pin To Net: NetName=NetC36_2 Pin=R21-1
Added Net: Name=NetC36_2
Added Pin To Net: NetName=NetC38_1 Pin=C38-1
Added Pin To Net: NetName=NetC38_1 Pin=D6-4
Added Pin To Net: NetName=NetC38_1 Pin=XTAL2-1
Added Net: Name=NetC38_1
Added Pin To Net: NetName=NetC39_2 Pin=C39-2
Added Pin To Net: NetName=NetC39_2 Pin=R22-2
Added Pin To Net: NetName=NetC39_2 Pin=R23-1
Added Net: Name=NetC39_2
Added Pin To Net: NetName=NetC40_2 Pin=C40-2
Added Pin To Net: NetName=NetC40_2 Pin=R23-2
Added Pin To Net: NetName=NetC40_2 Pin=R24-1
Added Net: Name=NetC40_2
Added Pin To Net: NetName=NetC43_2 Pin=C43-2
Added Pin To Net: NetName=NetC43_2 Pin=D9-28
Added Pin To Net: NetName=NetC43_2 Pin=R25-1
Added Net: Name=NetC43_2
Added Pin To Net: NetName=NetC44_2 Pin=C44-2
Added Pin To Net: NetName=NetC44_2 Pin=D6-41
Added Pin To Net: NetName=NetC44_2 Pin=L4-1
Added Pin To Net: NetName=NetC44_2 Pin=SB4-1
Added Net: Name=NetC44_2
Added Pin To Net: NetName=NetC51_1 Pin=C51-1
Added Pin To Net: NetName=NetC51_1 Pin=SB6-2
Added Net: Name=NetC51_1
Added Pin To Net: NetName=NetC52_1 Pin=C52-1
Added Pin To Net: NetName=NetC52_1 Pin=C57-1
Added Pin To Net: NetName=NetC52_1 Pin=FLT1-3
Added Net: Name=NetC52_1
Added Pin To Net: NetName=NetC52_2 Pin=C52-2
Added Pin To Net: NetName=NetC52_2 Pin=C55-2
Added Pin To Net: NetName=NetC52_2 Pin=L6-1
Added Net: Name=NetC52_2
Added Pin To Net: NetName=NetC54_2 Pin=C54-2
Added Pin To Net: NetName=NetC54_2 Pin=FLT1-1
Added Pin To Net: NetName=NetC54_2 Pin=L5-2
Added Net: Name=NetC54_2
Added Pin To Net: NetName=NetC56_2 Pin=C56-2
Added Pin To Net: NetName=NetC56_2 Pin=J2-1
Added Pin To Net: NetName=NetC56_2 Pin=L6-2
Added Net: Name=NetC56_2
Added Pin To Net: NetName=NetC57_2 Pin=C57-2
Added Pin To Net: NetName=NetC57_2 Pin=C58-2
Added Pin To Net: NetName=NetC57_2 Pin=L7-1
Added Net: Name=NetC57_2
Added Pin To Net: NetName=NetC59_2 Pin=C59-2
Added Pin To Net: NetName=NetC59_2 Pin=J3-1
Added Pin To Net: NetName=NetC59_2 Pin=L7-2
Added Net: Name=NetC59_2
Added Pin To Net: NetName=NetD1_12 Pin=D1-12
Added Pin To Net: NetName=NetD1_12 Pin=R2-2
Added Net: Name=NetD1_12
Added Pin To Net: NetName=NetD1_14 Pin=D1-14
Added Pin To Net: NetName=NetD1_14 Pin=R1-2
Added Pin To Net: NetName=NetD1_14 Pin=R2-1
Added Pin To Net: NetName=NetD1_14 Pin=R3-2
Added Net: Name=NetD1_14
Added Pin To Net: NetName=NetD2_8 Pin=D2-8
Added Pin To Net: NetName=NetD2_8 Pin=R8-1
Added Net: Name=NetD2_8
Added Pin To Net: NetName=NetD3_12 Pin=D3-12
Added Pin To Net: NetName=NetD3_12 Pin=R5-2
Added Net: Name=NetD3_12
Added Pin To Net: NetName=NetD3_14 Pin=D3-14
Added Pin To Net: NetName=NetD3_14 Pin=R7-2
Added Net: Name=NetD3_14
Added Pin To Net: NetName=NetD3_15 Pin=D3-15
Added Pin To Net: NetName=NetD3_15 Pin=R4-2
Added Net: Name=NetD3_15
Added Pin To Net: NetName=NetD3_16 Pin=D3-16
Added Pin To Net: NetName=NetD3_16 Pin=R6-2
Added Net: Name=NetD3_16
Added Pin To Net: NetName=NetD4_2 Pin=D4-2
Added Pin To Net: NetName=NetD4_2 Pin=D4-3
Added Pin To Net: NetName=NetD4_2 Pin=R11-1
Added Net: Name=NetD4_2
Added Pin To Net: NetName=NetD6_5 Pin=D6-5
Added Pin To Net: NetName=NetD6_5 Pin=R18-1
Added Net: Name=NetD6_5
Added Pin To Net: NetName=NetD6_43 Pin=D6-43
Added Pin To Net: NetName=NetD6_43 Pin=L4-2
Added Net: Name=NetD6_43
Added Pin To Net: NetName=NetD7_7 Pin=D7-7
Added Pin To Net: NetName=NetD7_7 Pin=L1-1
Added Net: Name=NetD7_7
Added Pin To Net: NetName=NetD8_2 Pin=D8-2
Added Pin To Net: NetName=NetD8_2 Pin=SB2-2
Added Pin To Net: NetName=NetD8_2 Pin=SB3-2
Added Net: Name=NetD8_2
Added Pin To Net: NetName=NetD10_2 Pin=L2-1
Added Net: Name=NetD10_2
Added Pin To Net: NetName=NetD10_4 Pin=R28-2
Added Net: Name=NetD10_4
Added Pin To Net: NetName=NetR24_2 Pin=R24-2
Added Pin To Net: NetName=NetR24_2 Pin=WA1-3
Added Net: Name=NetR24_2
Added Pin To Net: NetName=NetR26_2 Pin=R26-2
Added Pin To Net: NetName=NetR26_2 Pin=WA1-4
Added Net: Name=NetR26_2
Added Pin To Net: NetName=NetR27_2 Pin=R27-2
Added Pin To Net: NetName=NetR27_2 Pin=T2-4
Added Net: Name=NetR27_2
Added Pin To Net: NetName=NetT2_5 Pin=T2-5
Added Pin To Net: NetName=NetT2_5 Pin=T2-5
Added Pin To Net: NetName=NetT2_5 Pin=T2-5
Added Pin To Net: NetName=NetT2_5 Pin=T2-5
Added Pin To Net: NetName=NetT2_5 Pin=XS1-1
Added Pin To Net: NetName=NetT2_5 Pin=XS1-1
Added Net: Name=NetT2_5
Added Pin To Net: NetName=TIM2_CH2 Pin=D6-16
Added Net: Name=TIM2_CH2
Added Pin To Net: NetName=TIM2_CH3 Pin=D6-17
Added Net: Name=TIM2_CH3
Added Pin To Net: NetName=VDD_BAT Pin=C19-1
Added Pin To Net: NetName=VDD_BAT Pin=C23-2
Added Pin To Net: NetName=VDD_BAT Pin=D3-5
Added Pin To Net: NetName=VDD_BAT Pin=D3-10
Added Pin To Net: NetName=VDD_BAT Pin=D3-11
Added Pin To Net: NetName=VDD_BAT Pin=D7-1
Added Pin To Net: NetName=VDD_BAT Pin=D7-8
Added Net: Name=VDD_BAT
Added Pin To Net: NetName=VDD_CELL Pin=L2-2
Added Pin To Net: NetName=VDD_CELL Pin=T2-1
Added Pin To Net: NetName=VDD_CELL Pin=T2-1
Added Pin To Net: NetName=VDD_CELL Pin=T2-1
Added Net: Name=VDD_CELL
Added Pin To Net: NetName=VDD_MICRO Pin=C24-2
Added Pin To Net: NetName=VDD_MICRO Pin=D6-27
Added Pin To Net: NetName=VDD_MICRO Pin=D8-1
Added Pin To Net: NetName=VDD_MICRO Pin=SB1-2
Added Pin To Net: NetName=VDD_MICRO Pin=SB2-1
Added Net: Name=VDD_MICRO
Added Member To Class: ClassName=UBT Member=Component C1 C
Added Member To Class: ClassName=UBT Member=Component C2 C
Added Member To Class: ClassName=UBT Member=Component C3 C
Added Member To Class: ClassName=UBT Member=Component C4 C
Added Member To Class: ClassName=UBT Member=Component C5 C
Added Member To Class: ClassName=UBT Member=Component C6 10u
Added Member To Class: ClassName=UBT Member=Component C7 C
Added Member To Class: ClassName=UBT Member=Component C8 10n
Added Member To Class: ClassName=UBT Member=Component C9 10n
Added Member To Class: ClassName=UBT Member=Component C10 0.47u
Added Member To Class: ClassName=UBT Member=Component C11 47n
Added Member To Class: ClassName=UBT Member=Component C12 0.47u
Added Member To Class: ClassName=UBT Member=Component C13 47n
Added Member To Class: ClassName=UBT Member=Component C14 4u7-22u
Added Member To Class: ClassName=UBT Member=Component C15 100n
Added Member To Class: ClassName=UBT Member=Component C16 100n
Added Member To Class: ClassName=UBT Member=Component C17 C
Added Member To Class: ClassName=UBT Member=Component C18 4.7u
Added Member To Class: ClassName=UBT Member=Component C19 4.7u
Added Member To Class: ClassName=UBT Member=Component C20 100n
Added Member To Class: ClassName=UBT Member=Component C21 100n
Added Member To Class: ClassName=UBT Member=Component C22 100n
Added Member To Class: ClassName=UBT Member=Component C23 10u
Added Member To Class: ClassName=UBT Member=Component C24 100n
Added Member To Class: ClassName=UBT Member=Component C25 100n
Added Member To Class: ClassName=UBT Member=Component C26 22u
Added Member To Class: ClassName=UBT Member=Component C27 330u
Added Member To Class: ClassName=UBT Member=Component C28 330u
Added Member To Class: ClassName=UBT Member=Component C29 330u
Added Member To Class: ClassName=UBT Member=Component C30 100n
Added Member To Class: ClassName=UBT Member=Component C31 Not Fitted
Added Member To Class: ClassName=UBT Member=Component C32 Not Fitted
Added Member To Class: ClassName=UBT Member=Component C33 10p
Added Member To Class: ClassName=UBT Member=Component C34 100n
Added Member To Class: ClassName=UBT Member=Component C35 100n
Added Member To Class: ClassName=UBT Member=Component C36 100n
Added Member To Class: ClassName=UBT Member=Component C37 100n
Added Member To Class: ClassName=UBT Member=Component C38 10p
Added Member To Class: ClassName=UBT Member=Component C39 C
Added Member To Class: ClassName=UBT Member=Component C40 C
Added Member To Class: ClassName=UBT Member=Component C41 100n
Added Member To Class: ClassName=UBT Member=Component C42 100p
Added Member To Class: ClassName=UBT Member=Component C43 100n
Added Member To Class: ClassName=UBT Member=Component C44 4.7u
Added Member To Class: ClassName=UBT Member=Component C45 4.7u
Added Member To Class: ClassName=UBT Member=Component C46 100n
Added Member To Class: ClassName=UBT Member=Component C47 100n
Added Member To Class: ClassName=UBT Member=Component C48 100n
Added Member To Class: ClassName=UBT Member=Component C49 100n
Added Member To Class: ClassName=UBT Member=Component C50 100n
Added Member To Class: ClassName=UBT Member=Component C51 Supercap
Added Member To Class: ClassName=UBT Member=Component C52 10n
Added Member To Class: ClassName=UBT Member=Component C53 0.8p
Added Member To Class: ClassName=UBT Member=Component C54 0.3p
Added Member To Class: ClassName=UBT Member=Component C55 Not Fitted
Added Member To Class: ClassName=UBT Member=Component C56 1.2p
Added Member To Class: ClassName=UBT Member=Component C57 Not Fitted
Added Member To Class: ClassName=UBT Member=Component C58 Not Fitted
Added Member To Class: ClassName=UBT Member=Component C59 Not Fitted
Added Member To Class: ClassName=UBT Member=Component D1 BQ51013B
Added Member To Class: ClassName=UBT Member=Component D2 NTS0304EPW
Added Member To Class: ClassName=UBT Member=Component D3 BQ24232
Added Member To Class: ClassName=UBT Member=Component D4 IIS2DH
Added Member To Class: ClassName=UBT Member=Component D5 eSim
Added Member To Class: ClassName=UBT Member=Component D6 STM32WB55Rx
Added Member To Class: ClassName=UBT Member=Component D7 TPS62081
Added Member To Class: ClassName=UBT Member=Component D8 MP34DT06J
Added Member To Class: ClassName=UBT Member=Component D9 SIM7020E
Added Member To Class: ClassName=UBT Member=Component FLT1 LFB182G45CGFD436
Added Member To Class: ClassName=UBT Member=Component J1 Connector(U.FL)
Added Member To Class: ClassName=UBT Member=Component J2 Antenna_2.4Ghz
Added Member To Class: ClassName=UBT Member=Component J3 Connector(U.FL)
Added Member To Class: ClassName=UBT Member=Component L1 LQM2MPN1R0MEHp
Added Member To Class: ClassName=UBT Member=Component L2 LQM2MPN2R2MEHp
Added Member To Class: ClassName=UBT Member=Component L3 FCM1608KF-601T03
Added Member To Class: ClassName=UBT Member=Component L4 10u
Added Member To Class: ClassName=UBT Member=Component L5 2.7n
Added Member To Class: ClassName=UBT Member=Component L6 3.6u
Added Member To Class: ClassName=UBT Member=Component L7 0u
Added Member To Class: ClassName=UBT Member=Component P1 Coil
Added Member To Class: ClassName=UBT Member=Component P2 BAT
Added Member To Class: ClassName=UBT Member=Component R1 20k
Added Member To Class: ClassName=UBT Member=Component R2 66
Added Member To Class: ClassName=UBT Member=Component R3 196
Added Member To Class: ClassName=UBT Member=Component R4 3k57
Added Member To Class: ClassName=UBT Member=Component R5 2k94
Added Member To Class: ClassName=UBT Member=Component R6 4k32
Added Member To Class: ClassName=UBT Member=Component R7 56k2
Added Member To Class: ClassName=UBT Member=Component R8 10M
Added Member To Class: ClassName=UBT Member=Component R9 4k7
Added Member To Class: ClassName=UBT Member=Component R10 4k7
Added Member To Class: ClassName=UBT Member=Component R11 1M
Added Member To Class: ClassName=UBT Member=Component R12 10M
Added Member To Class: ClassName=UBT Member=Component R13 180k
Added Member To Class: ClassName=UBT Member=Component R14 200
Added Member To Class: ClassName=UBT Member=Component R15 1M
Added Member To Class: ClassName=UBT Member=Component R16 10M
Added Member To Class: ClassName=UBT Member=Component R17 10M
Added Member To Class: ClassName=UBT Member=Component R18 1M
Added Member To Class: ClassName=UBT Member=Component R19 10M
Added Member To Class: ClassName=UBT Member=Component R20 0R
Added Member To Class: ClassName=UBT Member=Component R21 200
Added Member To Class: ClassName=UBT Member=Component R22 0R
Added Member To Class: ClassName=UBT Member=Component R23 0R
Added Member To Class: ClassName=UBT Member=Component R24 0R
Added Member To Class: ClassName=UBT Member=Component R25 200
Added Member To Class: ClassName=UBT Member=Component R26 0R
Added Member To Class: ClassName=UBT Member=Component R27 1M
Added Member To Class: ClassName=UBT Member=Component R28 80.6
Added Member To Class: ClassName=UBT Member=Component SB1 SB
Added Member To Class: ClassName=UBT Member=Component SB2 SB
Added Member To Class: ClassName=UBT Member=Component SB3 SB
Added Member To Class: ClassName=UBT Member=Component SB4 SB
Added Member To Class: ClassName=UBT Member=Component SB5 SB
Added Member To Class: ClassName=UBT Member=Component SB6 SB
Added Member To Class: ClassName=UBT Member=Component SB7 SB
Added Member To Class: ClassName=UBT Member=Component T1 IRF7410
Added Member To Class: ClassName=UBT Member=Component T2 IRF7410
Added Member To Class: ClassName=UBT Member=Component WA1 SR4L049-R
Added Member To Class: ClassName=UBT Member=Component XS1 12BH092-GR
Added Member To Class: ClassName=UBT Member=Component XTAL1 XTAL
Added Member To Class: ClassName=UBT Member=Component XTAL2 32.768 kHz
Added Room: Name=UBT
