Change Component Designator: Old Designator=C8 New Designator=C20
Change Component Designator: Old Designator=C9 New Designator=C23
Change Component Designator: Old Designator=C10 New Designator=C24
Change Component Designator: Old Designator=C11 New Designator=C10
Change Component Designator: Old Designator=C14 New Designator=C25
Change Component Designator: Old Designator=C15 New Designator=C16
Change Component Designator: Old Designator=C16 New Designator=C26
Change Component Designator: Old Designator=C17 New Designator=C27
Change Component Designator: Old Designator=C? New Designator=C8
Change Component Designator: Old Designator=C? New Designator=C9
Change Component Designator: Old Designator=C? New Designator=C11
Change Component Designator: Old Designator=C? New Designator=C14
Change Component Designator: Old Designator=C? New Designator=C15
Change Component Designator: Old Designator=C? New Designator=C17
Change Component Designator: Old Designator=C? New Designator=C18
Change Component Designator: Old Designator=C? New Designator=C19
Change Component Designator: Old Designator=C? New Designator=C21
Change Component Designator: Old Designator=C? New Designator=C22
Change Component Designator: Old Designator=J1 New Designator=J2
Change Component Designator: Old Designator=J2 New Designator=J1
Change Component Designator: Old Designator=L1 New Designator=L3
Change Component Designator: Old Designator=L2 New Designator=L4
Change Component Designator: Old Designator=L? New Designator=L1
Change Component Designator: Old Designator=L? New Designator=L2
Change Component Designator: Old Designator=R4 New Designator=R5
Change Component Designator: Old Designator=R5 New Designator=R6
Change Component Designator: Old Designator=R6 New Designator=R8
Change Component Designator: Old Designator=R7 New Designator=R9
Change Component Designator: Old Designator=R8 New Designator=R10
Change Component Designator: Old Designator=R9 New Designator=R11
Change Component Designator: Old Designator=R10 New Designator=R12
Change Component Designator: Old Designator=R11 New Designator=R13
Change Component Designator: Old Designator=R12 New Designator=R14
Change Component Designator: Old Designator=R13 New Designator=R15
Change Component Designator: Old Designator=R? New Designator=R4
Change Component Designator: Old Designator=R? New Designator=R7
Change Component Designator: Old Designator=SB? New Designator=SB1
Change Component Designator: Old Designator=XTAL? New Designator=XTAL1
