Added Component: Designator=C1(C0402)
Add component. Clean all parameters for all variants
Added Component: Designator=C2(C0402)
Add component. Clean all parameters for all variants
Added Component: Designator=C3(C0402)
Add component. Clean all parameters for all variants
Added Component: Designator=C4(C_TYPE_D)
Add component. Clean all parameters for all variants
Added Component: Designator=C5(C_TYPE_D)
Add component. Clean all parameters for all variants
Added Component: Designator=C6(C_TYPE_D)
Add component. Clean all parameters for all variants
Added Component: Designator=C7(C0402)
Add component. Clean all parameters for all variants
Added Component: Designator=C8(C0402)
Add component. Clean all parameters for all variants
Added Component: Designator=C9(C0402)
Add component. Clean all parameters for all variants
Added Component: Designator=C10(C0402)
Add component. Clean all parameters for all variants
Added Component: Designator=C11(C0402)
Add component. Clean all parameters for all variants
Added Component: Designator=D1(VQFN20)
Add component. Clean all parameters for all variants
Added Component: Designator=D2(VQFN-16)
Add component. Clean all parameters for all variants
Added Component: Designator=D3(WSON8)
Add component. Clean all parameters for all variants
Added Component: Designator=D4(TSSOP14)
Add component. Clean all parameters for all variants
Added Component: Designator=D6(VQFN8)
Add component. Clean all parameters for all variants
Added Component: Designator=D7(VFQFPN68)
Add component. Clean all parameters for all variants
Added Component: Designator=D8(LGA12)
Add component. Clean all parameters for all variants
Added Component: Designator=D9(SIM7020E)
Add component. Clean all parameters for all variants
Added Component: Designator=J1(U.FL)
Add component. Clean all parameters for all variants
Added Component: Designator=R1(R0402)
Add component. Clean all parameters for all variants
Added Component: Designator=R2(R0402)
Add component. Clean all parameters for all variants
Added Component: Designator=R3(R0402)
Add component. Clean all parameters for all variants
Added Component: Designator=R4(R0402)
Add component. Clean all parameters for all variants
Added Component: Designator=R5(R0402)
Add component. Clean all parameters for all variants
Added Component: Designator=R6(R0402)
Add component. Clean all parameters for all variants
Added Component: Designator=R7(R0402)
Add component. Clean all parameters for all variants
Added Component: Designator=R8(R0402)
Add component. Clean all parameters for all variants
Added Component: Designator=R9(R0402)
Add component. Clean all parameters for all variants
Added Component: Designator=R10(R0402)
Add component. Clean all parameters for all variants
Added Component: Designator=R11(R0402)
Add component. Clean all parameters for all variants
Added Component: Designator=R12(R0402)
Add component. Clean all parameters for all variants
Added Component: Designator=R13(R0402)
Add component. Clean all parameters for all variants
Added Component: Designator=T1(SO8)
Add component. Clean all parameters for all variants
Added Component: Designator=WA1(SR4L049-R)
Add component. Clean all parameters for all variants
Added Pin To Net: NetName=GND Pin=C1-1
Added Pin To Net: NetName=GSM_1v8 Pin=C1-2
Added Pin To Net: NetName=3V3 Pin=C2-1
Added Pin To Net: NetName=GND Pin=C2-2
Added Pin To Net: NetName=GND Pin=C3-1
Added Pin To Net: NetName=NetC3_2 Pin=C3-2
Added Pin To Net: NetName=NetC4_1 Pin=C4-1
Added Pin To Net: NetName=GND Pin=C4-2
Added Pin To Net: NetName=NetC4_1 Pin=C5-1
Added Pin To Net: NetName=GND Pin=C5-2
Added Pin To Net: NetName=NetC4_1 Pin=C6-1
Added Pin To Net: NetName=GND Pin=C6-2
Added Pin To Net: NetName=GND Pin=C7-1
Added Pin To Net: NetName=NetC4_1 Pin=C7-2
Added Pin To Net: NetName=GND Pin=C8-1
Added Pin To Net: NetName=NetC8_2 Pin=C8-2
Added Pin To Net: NetName=GND Pin=C9-1
Added Pin To Net: NetName=NetC9_2 Pin=C9-2
Added Pin To Net: NetName=GND Pin=C10-1
Added Pin To Net: NetName=GND Pin=C11-1
Added Pin To Net: NetName=GSM_1v8 Pin=D4-1
Added Pin To Net: NetName=GSM_TX Pin=D4-2
Added Pin To Net: NetName=GSM_RX Pin=D4-3
Added Pin To Net: NetName=GSM_RTS Pin=D4-4
Added Pin To Net: NetName=GSM_DTR Pin=D4-5
Added Pin To Net: NetName=GND Pin=D4-7
Added Pin To Net: NetName=NetD4_8 Pin=D4-8
Added Pin To Net: NetName=MCU_GSM_DTR Pin=D4-10
Added Pin To Net: NetName=MCU_GSM_RTS Pin=D4-11
Added Pin To Net: NetName=MCU_GSM_TX Pin=D4-12
Added Pin To Net: NetName=MCU_GSM_RX Pin=D4-13
Added Pin To Net: NetName=3V3 Pin=D4-14
Added Pin To Net: NetName=GND Pin=D6-1
Added Pin To Net: NetName=SIM_DATA Pin=D6-3
Added Pin To Net: NetName=SIM_CLK Pin=D6-6
Added Pin To Net: NetName=SIM_RST Pin=D6-7
Added Pin To Net: NetName=SIM_VDD Pin=D6-8
Added Pin To Net: NetName=GSM_TX Pin=D9-1
Added Pin To Net: NetName=GSM_RX Pin=D9-2
Added Pin To Net: NetName=GSM_RTS Pin=D9-3
Added Pin To Net: NetName=GSM_DTR Pin=D9-6
Added Pin To Net: NetName=MCU_GSM_RI Pin=D9-7
Added Pin To Net: NetName=GND Pin=D9-8
Added Pin To Net: NetName=GSM_RTC_EINT Pin=D9-12
Added Pin To Net: NetName=GND Pin=D9-13
Added Pin To Net: NetName=SIM_DET Pin=D9-14
Added Pin To Net: NetName=SIM_DATA Pin=D9-15
Added Pin To Net: NetName=SIM_CLK Pin=D9-16
Added Pin To Net: NetName=SIM_RST Pin=D9-17
Added Pin To Net: NetName=SIM_VDD Pin=D9-18
Added Pin To Net: NetName=GND Pin=D9-19
Added Pin To Net: NetName=GND Pin=D9-21
Added Pin To Net: NetName=GND Pin=D9-27
Added Pin To Net: NetName=GND Pin=D9-30
Added Pin To Net: NetName=GND Pin=D9-31
Added Pin To Net: NetName=GND Pin=D9-33
Added Pin To Net: NetName=NetC4_1 Pin=D9-34
Added Pin To Net: NetName=NetC4_1 Pin=D9-35
Added Pin To Net: NetName=GND Pin=D9-36
Added Pin To Net: NetName=GND Pin=D9-37
Added Pin To Net: NetName=NetC8_2 Pin=D9-39
Added Pin To Net: NetName=GSM_1v8 Pin=D9-40
Added Pin To Net: NetName=MCU_GSM_STATUS Pin=D9-42
Added Pin To Net: NetName=GND Pin=J1-2
Added Pin To Net: NetName=GND Pin=J1-2
Added Pin To Net: NetName=NetD4_8 Pin=R1-1
Added Pin To Net: NetName=GND Pin=R1-2
Added Pin To Net: NetName=3V3 Pin=R2-1
Added Pin To Net: NetName=NetC3_2 Pin=R2-2
Added Pin To Net: NetName=GSM_PWR_ON Pin=R3-1
Added Pin To Net: NetName=NetC3_2 Pin=R3-2
Added Pin To Net: NetName=3V3 Pin=R4-1
Added Pin To Net: NetName=GSM_RTC_EINT Pin=R4-2
Added Pin To Net: NetName=3V3 Pin=R5-1
Added Pin To Net: NetName=MCU_GSM_RI Pin=R5-2
Added Pin To Net: NetName=3V3 Pin=R6-1
Added Pin To Net: NetName=MCU_GSM_STATUS Pin=R6-2
Added Pin To Net: NetName=NetC8_2 Pin=R8-1
Added Pin To Net: NetName=GSM_PWRKEY Pin=R8-2
Added Pin To Net: NetName=NetC9_2 Pin=R9-2
Added Pin To Net: NetName=NetC9_2 Pin=R10-1
Added Pin To Net: NetName=GSM_RESET Pin=R12-2
Added Pin To Net: NetName=GND Pin=R13-1
Added Pin To Net: NetName=3V3 Pin=T1-1
Added Pin To Net: NetName=3V3 Pin=T1-1
Added Pin To Net: NetName=3V3 Pin=T1-1
Added Pin To Net: NetName=NetC3_2 Pin=T1-4
Added Pin To Net: NetName=NetC4_1 Pin=T1-5
Added Pin To Net: NetName=NetC4_1 Pin=T1-5
Added Pin To Net: NetName=NetC4_1 Pin=T1-5
Added Pin To Net: NetName=NetC4_1 Pin=T1-5
Added Pin To Net: NetName=NetC10_2 Pin=C10-2
Added Pin To Net: NetName=NetC10_2 Pin=R10-2
Added Pin To Net: NetName=NetC10_2 Pin=R11-1
Added Net: Name=NetC10_2
Added Pin To Net: NetName=NetC11_2 Pin=C11-2
Added Pin To Net: NetName=NetC11_2 Pin=D9-28
Added Pin To Net: NetName=NetC11_2 Pin=R12-1
Added Net: Name=NetC11_2
Added Pin To Net: NetName=NetD9_32 Pin=D9-32
Added Pin To Net: NetName=NetD9_32 Pin=R7-1
Added Pin To Net: NetName=NetD9_32 Pin=R9-1
Added Net: Name=NetD9_32
Added Pin To Net: NetName=NetJ1_1 Pin=J1-1
Added Pin To Net: NetName=NetJ1_1 Pin=R7-2
Added Net: Name=NetJ1_1
Added Pin To Net: NetName=NetR11_2 Pin=R11-2
Added Pin To Net: NetName=NetR11_2 Pin=WA1-3
Added Net: Name=NetR11_2
Added Pin To Net: NetName=NetR13_2 Pin=R13-2
Added Pin To Net: NetName=NetR13_2 Pin=WA1-4
Added Net: Name=NetR13_2
Added Member To Class: ClassName=UBT Member=Component C1 100n
Added Member To Class: ClassName=UBT Member=Component C2 100n
Added Member To Class: ClassName=UBT Member=Component C3 100n
Added Member To Class: ClassName=UBT Member=Component C4 330u
Added Member To Class: ClassName=UBT Member=Component C5 330u
Added Member To Class: ClassName=UBT Member=Component C6 330u
Added Member To Class: ClassName=UBT Member=Component C7 100n
Added Member To Class: ClassName=UBT Member=Component C8 100n
Added Member To Class: ClassName=UBT Member=Component C9 C
Added Member To Class: ClassName=UBT Member=Component C10 C
Added Member To Class: ClassName=UBT Member=Component C11 100n
Added Member To Class: ClassName=UBT Member=Component D1 BQ51013B
Added Member To Class: ClassName=UBT Member=Component D2 BQ24232
Added Member To Class: ClassName=UBT Member=Component D3 TPS62081
Added Member To Class: ClassName=UBT Member=Component D4 NTS0304EPW
Added Member To Class: ClassName=UBT Member=Component D6 eSim
Added Member To Class: ClassName=UBT Member=Component D7 STM32WB55Rx
Added Member To Class: ClassName=UBT Member=Component D8 IIS2DH
Added Member To Class: ClassName=UBT Member=Component D9 SIM7020E
Added Member To Class: ClassName=UBT Member=Component J1 Connector(U.FL)
Added Member To Class: ClassName=UBT Member=Component R1 10M
Added Member To Class: ClassName=UBT Member=Component R2 10M
Added Member To Class: ClassName=UBT Member=Component R3 200
Added Member To Class: ClassName=UBT Member=Component R4 10M
Added Member To Class: ClassName=UBT Member=Component R5 10M
Added Member To Class: ClassName=UBT Member=Component R6 10M
Added Member To Class: ClassName=UBT Member=Component R7 0R
Added Member To Class: ClassName=UBT Member=Component R8 200
Added Member To Class: ClassName=UBT Member=Component R9 0R
Added Member To Class: ClassName=UBT Member=Component R10 0R
Added Member To Class: ClassName=UBT Member=Component R11 0R
Added Member To Class: ClassName=UBT Member=Component R12 200
Added Member To Class: ClassName=UBT Member=Component R13 0R
Added Member To Class: ClassName=UBT Member=Component T1 IRF7410
Added Member To Class: ClassName=UBT Member=Component WA1 SR4L049-R
